<?xml version="1.0" encoding="UTF-8"?>
<testng-results ignored="0" total="1" passed="1" failed="0" skipped="0">
  <reporter-output>
  </reporter-output>
  <suite started-at="2021-09-17T20:45:54 IST" name="Default suite" finished-at="2021-09-17T20:46:11 IST" duration-ms="16353">
    <groups>
    </groups>
    <test started-at="2021-09-17T20:45:54 IST" name="Default test" finished-at="2021-09-17T20:46:11 IST" duration-ms="16353">
      <class name="com.Magento.qa.TestCases.Mobile_Page_Test">
        <test-method is-config="true" signature="setUp()[pri:0, instance:com.Magento.qa.TestCases.Mobile_Page_Test@152aa092]" started-at="2021-09-17T20:45:54 IST" name="setUp" finished-at="2021-09-17T20:46:05 IST" duration-ms="10991" status="PASS">
          <reporter-output>
          </reporter-output>
        </test-method> <!-- setUp -->
        <test-method signature="test1()[pri:0, instance:com.Magento.qa.TestCases.Mobile_Page_Test@152aa092]" started-at="2021-09-17T20:46:05 IST" name="test1" finished-at="2021-09-17T20:46:11 IST" duration-ms="5258" status="PASS">
          <reporter-output>
          </reporter-output>
        </test-method> <!-- test1 -->
      </class> <!-- com.Magento.qa.TestCases.Mobile_Page_Test -->
    </test> <!-- Default test -->
  </suite> <!-- Default suite -->
</testng-results>
